<?xml version="1.0" encoding="UTF-8"?>
<!-- Generated by org.testng.reporters.JUnitReportReporter -->
<testsuite hostname="DESKTOP-Q650G9Q" failures="0" tests="1" name="ui.AccountPage" time="0.000" errors="0" timestamp="2025-08-13T23:25:12 IST" skipped="0">
  <testcase classname="ui.AccountPage" name="removeFavourite" time="0.000"/>
</testsuite> <!-- ui.AccountPage -->
