<?xml version="1.0" encoding="UTF-8"?>
<!-- Generated by org.testng.reporters.JUnitReportReporter -->
<testsuite hostname="DESKTOP-Q650G9Q" failures="0" tests="6" name="ui.AccountPage" time="0.006" errors="0" timestamp="2025-08-13T23:44:22 IST" skipped="0">
  <testcase classname="ui.AccountPage" name="editAccount" time="0.001"/>
  <testcase classname="ui.AccountPage" name="editAccount" time="0.001"/>
  <testcase classname="ui.AccountPage" name="addAddress" time="0.001"/>
  <testcase classname="ui.AccountPage" name="addAddress" time="0.001"/>
  <testcase classname="ui.AccountPage" name="removeFavourite" time="0.001"/>
  <testcase classname="ui.AccountPage" name="removeFavourite" time="0.001"/>
</testsuite> <!-- ui.AccountPage -->
