<?xml version="1.0" encoding="UTF-8"?>
<!-- Generated by org.testng.reporters.JUnitReportReporter -->
<testsuite hostname="DESKTOP-Q650G9Q" failures="0" tests="3" name="ui.HomePage" time="0.011" errors="0" timestamp="2025-08-13T23:25:12 IST" skipped="1">
  <testcase classname="ui.HomePage" name="search" time="0.010"/>
  <testcase classname="ui.HomePage" name="addToCart" time="0.001"/>
  <testcase classname="ui.HomePage" name="login">
    <skipped/>
  </testcase> <!-- login -->
</testsuite> <!-- ui.HomePage -->
