<?xml version="1.0" encoding="UTF-8"?>
<!-- Generated by org.testng.reporters.JUnitReportReporter -->
<testsuite hostname="DESKTOP-Q650G9Q" failures="0" tests="1" name="testng01.LandingPage" time="0.026" errors="0" timestamp="2025-08-13T22:58:59 IST" skipped="0">
  <testcase classname="testng01.LandingPage" name="homePage" time="0.026"/>
</testsuite> <!-- testng01.LandingPage -->
