<?xml version="1.0" encoding="UTF-8"?>
<!-- Generated by org.testng.reporters.JUnitReportReporter -->
<testsuite hostname="DESKTOP-Q650G9Q" failures="0" tests="3" name="ui.OrderPage" time="0.003" errors="0" timestamp="2025-08-13T23:25:12 IST" skipped="0">
  <testcase classname="ui.OrderPage" name="currentOrder" time="0.001"/>
  <testcase classname="ui.OrderPage" name="pastOrder" time="0.001"/>
  <testcase classname="ui.OrderPage" name="returnOrder" time="0.001"/>
</testsuite> <!-- ui.OrderPage -->
