<?xml version="1.0" encoding="UTF-8"?>
<!-- Generated by org.testng.reporters.JUnitReportReporter -->
<testsuite hostname="DESKTOP-Q650G9Q" failures="0" tests="6" name="ui.HomePage" time="0.012" errors="0" timestamp="2025-08-13T23:44:22 IST" skipped="0">
  <testcase classname="ui.HomePage" name="login" time="0.001"/>
  <testcase classname="ui.HomePage" name="login" time="0.008"/>
  <testcase classname="ui.HomePage" name="search" time="0.001"/>
  <testcase classname="ui.HomePage" name="search" time="0.000"/>
  <testcase classname="ui.HomePage" name="addToCart" time="0.001"/>
  <testcase classname="ui.HomePage" name="addToCart" time="0.001"/>
</testsuite> <!-- ui.HomePage -->
